[2024-07-29 17:45:55,321] {manager.py:480} INFO - Processing files using up to 2 processes at a time 
[2024-07-29 17:45:55,496] {manager.py:481} INFO - Process each file at most once every 10 seconds
[2024-07-29 17:45:55,497] {manager.py:483} INFO - Checking for new files in /opt/airflow/dags every 300 seconds
[2024-07-29 17:45:55,498] {manager.py:690} INFO - Searching for files in /opt/airflow/dags
[2024-07-29 17:45:58,353] {manager.py:693} INFO - There are 1 files in /opt/airflow/dags
[2024-07-29 17:45:58,965] {manager.py:809} INFO - 
================================================================================
DAG File Processing Stats

File Path                   PID  Runtime      # DAGs    # Errors  Last Runtime    Last Run
------------------------  -----  ---------  --------  ----------  --------------  ----------
/opt/airflow/dags/dag.py    173  0.11s             0           0
================================================================================
[2024-07-29 17:46:29,669] {manager.py:809} INFO - 
================================================================================
DAG File Processing Stats

File Path                 PID    Runtime      # DAGs    # Errors  Last Runtime    Last Run
------------------------  -----  ---------  --------  ----------  --------------  -------------------
/opt/airflow/dags/dag.py                           0           1  0.51s           2024-07-29T17:46:22
================================================================================
[2024-07-29 17:47:00,483] {manager.py:809} INFO - 
================================================================================
DAG File Processing Stats

File Path                 PID    Runtime      # DAGs    # Errors  Last Runtime    Last Run
------------------------  -----  ---------  --------  ----------  --------------  -------------------
/opt/airflow/dags/dag.py                           0           1  1.61s           2024-07-29T17:46:58
================================================================================
[2024-07-29 17:47:30,894] {manager.py:809} INFO - 
================================================================================
DAG File Processing Stats

File Path                 PID    Runtime      # DAGs    # Errors  Last Runtime    Last Run
------------------------  -----  ---------  --------  ----------  --------------  -------------------
/opt/airflow/dags/dag.py                           0           1  0.97s           2024-07-29T17:47:21
================================================================================
[2024-07-29 17:48:01,748] {manager.py:809} INFO - 
================================================================================
DAG File Processing Stats

File Path                 PID    Runtime      # DAGs    # Errors  Last Runtime    Last Run
------------------------  -----  ---------  --------  ----------  --------------  -------------------
/opt/airflow/dags/dag.py                           0           1  0.31s           2024-07-29T17:47:55
================================================================================
[2024-07-29 17:48:32,449] {manager.py:809} INFO - 
================================================================================
DAG File Processing Stats

File Path                   PID  Runtime      # DAGs    # Errors  Last Runtime    Last Run
------------------------  -----  ---------  --------  ----------  --------------  -------------------
/opt/airflow/dags/dag.py    238  2.33s             0           1  2.36s           2024-07-29T17:48:20
================================================================================
[2024-07-29 17:49:02,632] {manager.py:809} INFO - 
================================================================================
DAG File Processing Stats

File Path                 PID    Runtime      # DAGs    # Errors  Last Runtime    Last Run
------------------------  -----  ---------  --------  ----------  --------------  -------------------
/opt/airflow/dags/dag.py                           0           1  0.19s           2024-07-29T17:48:55
================================================================================
[2024-07-29 17:49:33,124] {manager.py:809} INFO - 
================================================================================
DAG File Processing Stats

File Path                 PID    Runtime      # DAGs    # Errors  Last Runtime    Last Run
------------------------  -----  ---------  --------  ----------  --------------  -------------------
/opt/airflow/dags/dag.py                           0           1  1.77s           2024-07-29T17:49:31
================================================================================
[2024-07-29 17:50:03,244] {manager.py:809} INFO - 
================================================================================
DAG File Processing Stats

File Path                   PID  Runtime      # DAGs    # Errors  Last Runtime    Last Run
------------------------  -----  ---------  --------  ----------  --------------  -------------------
/opt/airflow/dags/dag.py    278  0.01s             0           1  0.36s           2024-07-29T17:49:53
================================================================================
[2024-07-29 17:50:33,801] {manager.py:809} INFO - 
================================================================================
DAG File Processing Stats

File Path                 PID    Runtime      # DAGs    # Errors  Last Runtime    Last Run
------------------------  -----  ---------  --------  ----------  --------------  -------------------
/opt/airflow/dags/dag.py                           0           1  0.75s           2024-07-29T17:50:25
================================================================================
[2024-07-29 17:50:56,739] {manager.py:690} INFO - Searching for files in /opt/airflow/dags
[2024-07-29 17:50:56,803] {manager.py:693} INFO - There are 1 files in /opt/airflow/dags
[2024-07-29 17:51:04,276] {manager.py:809} INFO - 
================================================================================
DAG File Processing Stats

File Path                 PID    Runtime      # DAGs    # Errors  Last Runtime    Last Run
------------------------  -----  ---------  --------  ----------  --------------  -------------------
/opt/airflow/dags/dag.py                           0           1  0.26s           2024-07-29T17:50:57
================================================================================
[2024-07-29 17:51:35,593] {manager.py:809} INFO - 
================================================================================
DAG File Processing Stats

File Path                 PID    Runtime      # DAGs    # Errors  Last Runtime    Last Run
------------------------  -----  ---------  --------  ----------  --------------  -------------------
/opt/airflow/dags/dag.py                           0           1  8.96s           2024-07-29T17:51:29
================================================================================
[2024-07-29 17:52:05,861] {manager.py:809} INFO - 
================================================================================
DAG File Processing Stats

File Path                   PID  Runtime      # DAGs    # Errors  Last Runtime    Last Run
------------------------  -----  ---------  --------  ----------  --------------  -------------------
/opt/airflow/dags/dag.py    328  0.01s             0           1  2.55s           2024-07-29T17:51:55
================================================================================
[2024-07-29 17:52:36,914] {manager.py:809} INFO - 
================================================================================
DAG File Processing Stats

File Path                   PID  Runtime      # DAGs    # Errors  Last Runtime    Last Run
------------------------  -----  ---------  --------  ----------  --------------  -------------------
/opt/airflow/dags/dag.py    338  4.53s             0           1  5.33s           2024-07-29T17:52:22
================================================================================
[2024-07-29 17:53:07,144] {manager.py:809} INFO - 
================================================================================
DAG File Processing Stats

File Path                 PID    Runtime      # DAGs    # Errors  Last Runtime    Last Run
------------------------  -----  ---------  --------  ----------  --------------  -------------------
/opt/airflow/dags/dag.py                           0           1  0.72s           2024-07-29T17:53:04
================================================================================
[2024-07-29 17:53:37,634] {manager.py:809} INFO - 
================================================================================
DAG File Processing Stats

File Path                 PID    Runtime      # DAGs    # Errors  Last Runtime    Last Run
------------------------  -----  ---------  --------  ----------  --------------  -------------------
/opt/airflow/dags/dag.py                           0           1  1.69s           2024-07-29T17:53:30
================================================================================
[2024-07-29 17:54:07,920] {manager.py:809} INFO - 
================================================================================
DAG File Processing Stats

File Path                   PID  Runtime      # DAGs    # Errors  Last Runtime    Last Run
------------------------  -----  ---------  --------  ----------  --------------  -------------------
/opt/airflow/dags/dag.py    373  1.11s             0           1  3.39s           2024-07-29T17:53:56
================================================================================
[2024-07-29 17:54:38,830] {manager.py:809} INFO - 
================================================================================
DAG File Processing Stats

File Path                 PID    Runtime      # DAGs    # Errors  Last Runtime    Last Run
------------------------  -----  ---------  --------  ----------  --------------  -------------------
/opt/airflow/dags/dag.py                           0           1  4.30s           2024-07-29T17:54:35
================================================================================
[2024-07-29 17:55:09,907] {manager.py:809} INFO - 
================================================================================
DAG File Processing Stats

File Path                   PID  Runtime      # DAGs    # Errors  Last Runtime    Last Run
------------------------  -----  ---------  --------  ----------  --------------  -------------------
/opt/airflow/dags/dag.py    398  2.38s             0           1  0.73s           2024-07-29T17:54:56
================================================================================
[2024-07-29 17:55:41,726] {manager.py:809} INFO - 
================================================================================
DAG File Processing Stats

File Path                   PID  Runtime      # DAGs    # Errors  Last Runtime    Last Run
------------------------  -----  ---------  --------  ----------  --------------  -------------------
/opt/airflow/dags/dag.py    408  7.51s             0           1  3.66s           2024-07-29T17:55:24
================================================================================
[2024-07-29 17:55:57,661] {manager.py:690} INFO - Searching for files in /opt/airflow/dags
[2024-07-29 17:55:58,524] {manager.py:693} INFO - There are 1 files in /opt/airflow/dags
[2024-07-29 17:56:12,226] {manager.py:809} INFO - 
================================================================================
DAG File Processing Stats

File Path                   PID  Runtime      # DAGs    # Errors  Last Runtime    Last Run
------------------------  -----  ---------  --------  ----------  --------------  -------------------
/opt/airflow/dags/dag.py    418  2.69s             0           1  7.06s           2024-07-29T17:55:59
================================================================================
[2024-07-29 17:56:56,381] {manager.py:809} INFO - 
================================================================================
DAG File Processing Stats

File Path                   PID  Runtime      # DAGs    # Errors  Last Runtime    Last Run
------------------------  -----  ---------  --------  ----------  --------------  -------------------
/opt/airflow/dags/dag.py    428  2.64s             0           1  3.59s           2024-07-29T17:56:43
================================================================================
[2024-07-29 17:57:27,446] {manager.py:809} INFO - 
================================================================================
DAG File Processing Stats

File Path                   PID  Runtime      # DAGs    # Errors  Last Runtime    Last Run
------------------------  -----  ---------  --------  ----------  --------------  -------------------
/opt/airflow/dags/dag.py    433  12.35s            0           1  11.42s          2024-07-29T17:57:04
================================================================================
[2024-07-29 17:57:57,802] {manager.py:809} INFO - 
================================================================================
DAG File Processing Stats

File Path                 PID    Runtime      # DAGs    # Errors  Last Runtime    Last Run
------------------------  -----  ---------  --------  ----------  --------------  -------------------
/opt/airflow/dags/dag.py                           0           1  3.04s           2024-07-29T17:57:51
================================================================================
[2024-07-29 17:58:28,101] {manager.py:809} INFO - 
================================================================================
DAG File Processing Stats

File Path                 PID    Runtime      # DAGs    # Errors  Last Runtime    Last Run
------------------------  -----  ---------  --------  ----------  --------------  -------------------
/opt/airflow/dags/dag.py                           0           1  9.43s           2024-07-29T17:58:24
================================================================================
[2024-07-29 17:58:45,821] {manager.py:462} INFO - Exiting gracefully upon receiving signal 15
[2024-07-29 19:23:50,400] {manager.py:480} INFO - Processing files using up to 2 processes at a time 
[2024-07-29 19:23:50,440] {manager.py:481} INFO - Process each file at most once every 10 seconds
[2024-07-29 19:23:50,440] {manager.py:483} INFO - Checking for new files in /opt/airflow/dags every 300 seconds
[2024-07-29 19:23:50,468] {manager.py:690} INFO - Searching for files in /opt/airflow/dags
[2024-07-29 19:23:50,643] {manager.py:693} INFO - There are 1 files in /opt/airflow/dags
[2024-07-29 19:23:58,555] {manager.py:809} INFO - 
================================================================================
DAG File Processing Stats

File Path                    PID  Runtime      # DAGs    # Errors  Last Runtime    Last Run
-------------------------  -----  ---------  --------  ----------  --------------  ----------
/opt/airflow/dags/main.py    172  2.62s             0           0
================================================================================
[2024-07-29 19:24:28,713] {manager.py:809} INFO - 
================================================================================
DAG File Processing Stats

File Path                  PID    Runtime      # DAGs    # Errors  Last Runtime    Last Run
-------------------------  -----  ---------  --------  ----------  --------------  -------------------
/opt/airflow/dags/main.py                           0           1  7.18s           2024-07-29T19:24:19
================================================================================
[2024-07-29 19:24:59,038] {manager.py:809} INFO - 
================================================================================
DAG File Processing Stats

File Path                  PID    Runtime      # DAGs    # Errors  Last Runtime    Last Run
-------------------------  -----  ---------  --------  ----------  --------------  -------------------
/opt/airflow/dags/main.py                           0           1  6.55s           2024-07-29T19:24:56
================================================================================
[2024-07-29 19:25:29,503] {manager.py:809} INFO - 
================================================================================
DAG File Processing Stats

File Path                  PID    Runtime      # DAGs    # Errors  Last Runtime    Last Run
-------------------------  -----  ---------  --------  ----------  --------------  -------------------
/opt/airflow/dags/main.py                           0           1  4.74s           2024-07-29T19:25:23
================================================================================
[2024-07-29 19:26:00,188] {manager.py:809} INFO - 
================================================================================
DAG File Processing Stats

File Path                  PID    Runtime      # DAGs    # Errors  Last Runtime    Last Run
-------------------------  -----  ---------  --------  ----------  --------------  -------------------
/opt/airflow/dags/main.py                           0           1  16.41s          2024-07-29T19:25:50
================================================================================
[2024-07-29 19:26:31,011] {manager.py:809} INFO - 
================================================================================
DAG File Processing Stats

File Path                  PID    Runtime      # DAGs    # Errors  Last Runtime    Last Run
-------------------------  -----  ---------  --------  ----------  --------------  -------------------
/opt/airflow/dags/main.py                           0           1  10.39s          2024-07-29T19:26:28
================================================================================
[2024-07-29 19:27:01,962] {manager.py:809} INFO - 
================================================================================
DAG File Processing Stats

File Path                    PID  Runtime      # DAGs    # Errors  Last Runtime    Last Run
-------------------------  -----  ---------  --------  ----------  --------------  -------------------
/opt/airflow/dags/main.py    223  5.28s             0           1  6.47s           2024-07-29T19:26:45
================================================================================
[2024-07-29 19:27:32,731] {manager.py:809} INFO - 
================================================================================
DAG File Processing Stats

File Path                    PID  Runtime      # DAGs    # Errors  Last Runtime    Last Run
-------------------------  -----  ---------  --------  ----------  --------------  -------------------
/opt/airflow/dags/main.py    233  3.30s             0           1  6.72s           2024-07-29T19:27:19
================================================================================
[2024-07-29 19:28:04,842] {manager.py:809} INFO - 
================================================================================
DAG File Processing Stats

File Path                  PID    Runtime      # DAGs    # Errors  Last Runtime    Last Run
-------------------------  -----  ---------  --------  ----------  --------------  -------------------
/opt/airflow/dags/main.py                           0           1  9.94s           2024-07-29T19:28:01
================================================================================
[2024-07-29 19:28:35,054] {manager.py:809} INFO - 
================================================================================
DAG File Processing Stats

File Path                  PID    Runtime      # DAGs    # Errors  Last Runtime    Last Run
-------------------------  -----  ---------  --------  ----------  --------------  -------------------
/opt/airflow/dags/main.py                           0           1  3.00s           2024-07-29T19:28:30
================================================================================
[2024-07-29 19:28:50,502] {manager.py:690} INFO - Searching for files in /opt/airflow/dags
[2024-07-29 19:28:51,038] {manager.py:693} INFO - There are 1 files in /opt/airflow/dags
[2024-07-29 19:29:09,809] {manager.py:809} INFO - 
================================================================================
DAG File Processing Stats

File Path                    PID  Runtime      # DAGs    # Errors  Last Runtime    Last Run
-------------------------  -----  ---------  --------  ----------  --------------  -------------------
/opt/airflow/dags/main.py    258  4.26s             0           1  12.23s          2024-07-29T19:28:53
================================================================================
[2024-07-29 19:29:36,563] {manager.py:462} INFO - Exiting gracefully upon receiving signal 15
